Content-Type: text/plain; charset="utf-8"
MIME-Version: 1.0
Content-Transfer-Encoding: 8bit
Subject: Password reset on 127.0.0.1:8000
From: webmaster@localhost
To: akashgift11@gmail.com
Date: Thu, 21 May 2020 16:24:51 -0000
Message-ID: <159007829178.1656.18330262550473164858@DESKTOP-NNML1UC>


You're receiving this email because you requested a password reset for your user account at 127.0.0.1:8000.

Please go to the following page and choose a new password:

http://127.0.0.1:8000/accounts/reset/MQ/5go-c6f906e61f93ec674ea6/

Your username, in case you’ve forgotten: akash

Thanks for using our site!

The 127.0.0.1:8000 team



-------------------------------------------------------------------------------
Content-Type: text/plain; charset="utf-8"
MIME-Version: 1.0
Content-Transfer-Encoding: 8bit
Subject: Password reset on 127.0.0.1:8000
From: webmaster@localhost
To: akashgift11@gmail.com
Date: Thu, 21 May 2020 16:24:51 -0000
Message-ID: <159007829180.1656.12928063782434074921@DESKTOP-NNML1UC>


You're receiving this email because you requested a password reset for your user account at 127.0.0.1:8000.

Please go to the following page and choose a new password:

http://127.0.0.1:8000/accounts/reset/NjE/5go-ee9043cc99db2f11466f/

Your username, in case you’ve forgotten: akash2

Thanks for using our site!

The 127.0.0.1:8000 team



-------------------------------------------------------------------------------
