Content-Type: text/plain; charset="utf-8"
MIME-Version: 1.0
Content-Transfer-Encoding: 8bit
Subject: Password reset on 127.0.0.1:8000
From: webmaster@localhost
To: akashgift11@gmail.com
Date: Fri, 22 May 2020 07:35:09 -0000
Message-ID: <159013290931.6612.921198232011761527@DESKTOP-NNML1UC>


You're receiving this email because you requested a password reset for your user account at 127.0.0.1:8000.

Please go to the following page and choose a new password:

http://127.0.0.1:8000/accounts/reset/MQ/5gp-2bee8b96385805bdcafd/

Your username, in case you’ve forgotten: akash

Thanks for using our site!

The 127.0.0.1:8000 team



-------------------------------------------------------------------------------
Content-Type: text/plain; charset="utf-8"
MIME-Version: 1.0
Content-Transfer-Encoding: 8bit
Subject: Password reset on 127.0.0.1:8000
From: webmaster@localhost
To: akashgift11@gmail.com
Date: Fri, 22 May 2020 07:35:09 -0000
Message-ID: <159013290932.6612.10202993426333990037@DESKTOP-NNML1UC>


You're receiving this email because you requested a password reset for your user account at 127.0.0.1:8000.

Please go to the following page and choose a new password:

http://127.0.0.1:8000/accounts/reset/NjE/5gp-34191c0c59deffd3552f/

Your username, in case you’ve forgotten: akash2

Thanks for using our site!

The 127.0.0.1:8000 team



-------------------------------------------------------------------------------
