Content-Type: text/plain; charset="utf-8"
MIME-Version: 1.0
Content-Transfer-Encoding: 7bit
Subject: management password reset
From: webmaster@localhost
To: akashgift11@gmail.com
Date: Fri, 22 May 2020 10:19:28 -0000
Message-ID: <159014276849.2024.14775816740615252378@DESKTOP-NNML1UC>


To initiate the password reset process for your akash123 TestSite Account,
click the link below:

http://127.0.0.1:8000/accounts/reset/MjE/5gp-3f95094f6b2cc76cffc4/

If clicking the link above doesn't work, please copy and paste the URL in a new browser
window instead.

Sincerely,
The TestSite Team


-------------------------------------------------------------------------------
Content-Type: text/plain; charset="utf-8"
MIME-Version: 1.0
Content-Transfer-Encoding: 7bit
Subject: management password reset
From: webmaster@localhost
To: akashgift11@gmail.com
Date: Fri, 22 May 2020 10:19:28 -0000
Message-ID: <159014276850.2024.13038516930289269858@DESKTOP-NNML1UC>


To initiate the password reset process for your akash TestSite Account,
click the link below:

http://127.0.0.1:8000/accounts/reset/MQ/5gp-ee5457aa3d179ec320be/

If clicking the link above doesn't work, please copy and paste the URL in a new browser
window instead.

Sincerely,
The TestSite Team


-------------------------------------------------------------------------------
